<?xml version="1.0" encoding="UTF-8"?>
<!-- Generated by org.testng.reporters.JUnitReportReporter -->
<testsuite hostname="Dingzh" name="testcase.TestGroupTest" tests="2" failures="0" timestamp="29 Apr 2020 13:01:06 GMT" time="0.015" errors="0">
  <testcase name="testcase1" time="0.013" classname="testcase.TestGroupTest"/>
  <testcase name="testcase2" time="0.002" classname="testcase.TestGroupTest"/>
</testsuite> <!-- testcase.TestGroupTest -->
