<?xml version="1.0" encoding="UTF-8"?>
<!-- Generated by org.testng.reporters.JUnitReportReporter -->
<testsuite hostname="Dingzh" name="testcase.AnnotationsTest" tests="2" failures="0" timestamp="29 Apr 2020 12:09:16 GMT" time="0.009" errors="0">
  <testcase name="testcase1" time="0.007" classname="testcase.AnnotationsTest"/>
  <testcase name="testcase2" time="0.002" classname="testcase.AnnotationsTest"/>
</testsuite> <!-- testcase.AnnotationsTest -->
