<?xml version="1.0" encoding="UTF-8"?>
<!-- Generated by org.testng.reporters.JUnitReportReporter -->
<testsuite hostname="Dingzh" name="testcase.AnnotationsTest1" tests="3" failures="0" timestamp="29 Apr 2020 13:12:48 GMT" time="0.011" errors="0">
  <testcase name="testcase3" time="0.002" classname="testcase.AnnotationsTest1"/>
  <testcase name="testcase1" time="0.007" classname="testcase.AnnotationsTest1"/>
  <testcase name="testcase3" time="0.002" classname="testcase.AnnotationsTest1"/>
</testsuite> <!-- testcase.AnnotationsTest1 -->
