<?xml version="1.0" encoding="UTF-8"?>
<!-- Generated by org.testng.reporters.JUnitReportReporter -->
<testsuite hostname="Dingzh" name="testcase.AnnotationsTest2" tests="2" failures="0" timestamp="29 Apr 2020 13:12:48 GMT" time="0.005" errors="0">
  <testcase name="testcase1" time="0.003" classname="testcase.AnnotationsTest2"/>
  <testcase name="testcase1" time="0.002" classname="testcase.AnnotationsTest2"/>
</testsuite> <!-- testcase.AnnotationsTest2 -->
