<?xml version="1.0" encoding="UTF-8"?>
<!-- Generated by org.testng.reporters.JUnitReportReporter -->
<testsuite hostname="Dingzh" name="testcase.DataTransferTest" tests="2" failures="0" timestamp="29 Apr 2020 03:47:42 GMT" time="0.021" errors="0">
  <testcase name="testcase2" time="0.003" classname="testcase.DataTransferTest"/>
  <testcase name="testcase1" time="0.018" classname="testcase.DataTransferTest"/>
</testsuite> <!-- testcase.DataTransferTest -->
