<?xml version="1.0" encoding="UTF-8"?>
<!-- Generated by org.testng.reporters.JUnitReportReporter -->
<testsuite hostname="Dingzh" name="testcase.FlowCaseTest" tests="4" failures="0" timestamp="29 Apr 2020 02:41:21 GMT" time="0.018" errors="0">
  <testcase name="testcase3_2" time="0.002" classname="testcase.FlowCaseTest"/>
  <testcase name="testcase2_3" time="0.001" classname="testcase.FlowCaseTest"/>
  <testcase name="testcase4_1" time="0.013" classname="testcase.FlowCaseTest"/>
  <testcase name="testcase1_4" time="0.002" classname="testcase.FlowCaseTest"/>
</testsuite> <!-- testcase.FlowCaseTest -->
