<?xml version="1.0" encoding="UTF-8"?>
<!-- Generated by org.testng.reporters.JUnitReportReporter -->
<testsuite hostname="Dingzh" name="testcase.TestSuiteTest1" tests="1" failures="0" timestamp="1 May 2020 09:26:47 GMT" time="0.013" errors="0">
  <testcase name="testsuite1" time="0.013" classname="testcase.TestSuiteTest1"/>
</testsuite> <!-- testcase.TestSuiteTest1 -->
