<?xml version="1.0" encoding="UTF-8"?>
<!-- Generated by org.testng.reporters.JUnitReportReporter -->
<testsuite hostname="Dingzh" name="testcase.DataProviderTest" tests="2" failures="0" timestamp="27 Apr 2020 13:48:32 GMT" time="0.014" errors="0">
  <testcase name="testDataProvider" time="0.001" classname="testcase.DataProviderTest"/>
  <testcase name="testDataProvider" time="0.013" classname="testcase.DataProviderTest"/>
</testsuite> <!-- testcase.DataProviderTest -->
