<?xml version="1.0" encoding="UTF-8"?>
<!-- Generated by org.testng.reporters.JUnitReportReporter -->
<testsuite hostname="Dingzh" name="testcase.SingleTest" tests="1" failures="0" timestamp="27 Apr 2020 13:26:05 GMT" time="1.544" errors="0">
  <testcase name="doGetTest" time="1.544" classname="testcase.SingleTest"/>
</testsuite> <!-- testcase.SingleTest -->
