<?xml version="1.0" encoding="UTF-8"?>
<!-- Generated by org.testng.reporters.JUnitReportReporter -->
<testsuite hostname="Dingzh" name="testcase.TestSuiteTest2" tests="1" failures="0" timestamp="1 May 2020 09:26:47 GMT" time="0.003" errors="0">
  <testcase name="testsuite2" time="0.003" classname="testcase.TestSuiteTest2"/>
</testsuite> <!-- testcase.TestSuiteTest2 -->
