<?xml version="1.0" encoding="UTF-8"?>
<!-- Generated by org.testng.reporters.JUnitReportReporter -->
<testsuite hostname="Dingzh" name="testcase.ParallelTest" tests="18" failures="0" timestamp="30 Apr 2020 13:11:39 GMT" time="0.156" errors="0">
  <testcase name="testcaseDataProvider" time="0.002" classname="testcase.ParallelTest"/>
  <testcase name="testcase7" time="0.014" classname="testcase.ParallelTest"/>
  <testcase name="testcase6" time="0.017" classname="testcase.ParallelTest"/>
  <testcase name="testcaseDataProvider" time="0.004" classname="testcase.ParallelTest"/>
  <testcase name="testcaseDataProvider" time="0.002" classname="testcase.ParallelTest"/>
  <testcase name="testcaseDataProvider" time="0.010" classname="testcase.ParallelTest"/>
  <testcase name="testcase5" time="0.016" classname="testcase.ParallelTest"/>
  <testcase name="testcaseDataProvider" time="0.002" classname="testcase.ParallelTest"/>
  <testcase name="testcaseDataProvider" time="0.004" classname="testcase.ParallelTest"/>
  <testcase name="testcase3" time="0.016" classname="testcase.ParallelTest"/>
  <testcase name="testcaseDataProvider" time="0.002" classname="testcase.ParallelTest"/>
  <testcase name="testcase8" time="0.007" classname="testcase.ParallelTest"/>
  <testcase name="testcaseDataProvider" time="0.005" classname="testcase.ParallelTest"/>
  <testcase name="testcase1" time="0.016" classname="testcase.ParallelTest"/>
  <testcase name="testcase2" time="0.015" classname="testcase.ParallelTest"/>
  <testcase name="testcase4" time="0.015" classname="testcase.ParallelTest"/>
  <testcase name="testcaseDataProvider" time="0.008" classname="testcase.ParallelTest"/>
  <testcase name="testcase9" time="0.001" classname="testcase.ParallelTest"/>
</testsuite> <!-- testcase.ParallelTest -->
